# JRE version: OpenJDK Runtime Environment (8.0_45-b14) (build 1.8.0_45-internal-b14)
# Java VM: OpenJDK 64-Bit Server VM (25.45-b02 mixed mode linux-amd64 compressed oops)
Heap:
 PSYoungGen      total 37888K, used 24028K [0x00000000d6780000, 0x00000000d9180000, 0x0000000100000000)
  eden space 32768K, 60% used [0x00000000d6780000,0x00000000d7afa6b8,0x00000000d8780000)
  from space 5120K, 79% used [0x00000000d8c80000,0x00000000d907cab0,0x00000000d9180000)
  to   space 5120K, 0% used [0x00000000d8780000,0x00000000d8780000,0x00000000d8c80000)
 ParOldGen       total 86016K, used 1853K [0x0000000083600000, 0x0000000088a00000, 0x00000000d6780000)
  object space 86016K, 2% used [0x0000000083600000,0x00000000837cf7d0,0x0000000088a00000)
 Metaspace       used 14355K, capacity 14548K, committed 14720K, reserved 1062912K
  class space    used 1328K, capacity 1408K, committed 1408K, reserved 1048576K
GC Heap History (4 events):
Event: 5,359 GC heap before
{Heap before GC invocations=1 (full 0):
 PSYoungGen      total 37888K, used 32768K [0x00000000d6780000, 0x00000000d9180000, 0x0000000100000000)
  eden space 32768K, 100% used [0x00000000d6780000,0x00000000d8780000,0x00000000d8780000)
  from space 5120K, 0% used [0x00000000d8c80000,0x00000000d8c80000,0x00000000d9180000)
  to   space 5120K, 0% used [0x00000000d8780000,0x00000000d8780000,0x00000000d8c80000)
 ParOldGen       total 86016K, used 0K [0x0000000083600000, 0x0000000088a00000, 0x00000000d6780000)
  object space 86016K, 0% used [0x0000000083600000,0x0000000083600000,0x0000000088a00000)
 Metaspace       used 14338K, capacity 14548K, committed 14720K, reserved 1062912K
  class space    used 1328K, capacity 1408K, committed 1408K, reserved 1048576K
Event: 5,368 GC heap after
Heap after GC invocations=1 (full 0):
 PSYoungGen      total 37888K, used 5102K [0x00000000d6780000, 0x00000000d9180000, 0x0000000100000000)
  eden space 32768K, 0% used [0x00000000d6780000,0x00000000d6780000,0x00000000d8780000)
  from space 5120K, 99% used [0x00000000d8780000,0x00000000d8c7bb98,0x00000000d8c80000)
  to   space 5120K, 0% used [0x00000000d8c80000,0x00000000d8c80000,0x00000000d9180000)
 ParOldGen       total 86016K, used 1845K [0x0000000083600000, 0x0000000088a00000, 0x00000000d6780000)
  object space 86016K, 2% used [0x0000000083600000,0x00000000837cd7d0,0x0000000088a00000)
 Metaspace       used 14338K, capacity 14548K, committed 14720K, reserved 1062912K
  class space    used 1328K, capacity 1408K, committed 1408K, reserved 1048576K
}
Event: 16,292 GC heap before
{Heap before GC invocations=2 (full 0):
 PSYoungGen      total 37888K, used 37870K [0x00000000d6780000, 0x00000000d9180000, 0x0000000100000000)
  eden space 32768K, 100% used [0x00000000d6780000,0x00000000d8780000,0x00000000d8780000)
  from space 5120K, 99% used [0x00000000d8780000,0x00000000d8c7bb98,0x00000000d8c80000)
  to   space 5120K, 0% used [0x00000000d8c80000,0x00000000d8c80000,0x00000000d9180000)
 ParOldGen       total 86016K, used 1845K [0x0000000083600000, 0x0000000088a00000, 0x00000000d6780000)
  object space 86016K, 2% used [0x0000000083600000,0x00000000837cd7d0,0x0000000088a00000)
 Metaspace       used 14347K, capacity 14548K, committed 14720K, reserved 1062912K
  class space    used 1328K, capacity 1408K, committed 1408K, reserved 1048576K
Event: 16,299 GC heap after
Heap after GC invocations=2 (full 0):
 PSYoungGen      total 37888K, used 4082K [0x00000000d6780000, 0x00000000d9180000, 0x0000000100000000)
  eden space 32768K, 0% used [0x00000000d6780000,0x00000000d6780000,0x00000000d8780000)
  from space 5120K, 79% used [0x00000000d8c80000,0x00000000d907cab0,0x00000000d9180000)
  to   space 5120K, 0% used [0x00000000d8780000,0x00000000d8780000,0x00000000d8c80000)
 ParOldGen       total 86016K, used 1853K [0x0000000083600000, 0x0000000088a00000, 0x00000000d6780000)
  object space 86016K, 2% used [0x0000000083600000,0x00000000837cf7d0,0x0000000088a00000)
 Metaspace       used 14347K, capacity 14548K, committed 14720K, reserved 1062912K
  class space    used 1328K, capacity 1408K, committed 1408K, reserved 1048576K
}

