# JRE version: OpenJDK Runtime Environment (8.0_45-b14) (build 1.8.0_45-internal-b14)
# Java VM: OpenJDK 64-Bit Server VM (25.45-b02 mixed mode linux-amd64 compressed oops)
Heap:
 PSYoungGen      total 35328K, used 6251K [0x00000000d6780000, 0x00000000dad00000, 0x0000000100000000)
  eden space 32768K, 11% used [0x00000000d6780000,0x00000000d6b1ebf0,0x00000000d8780000)
  from space 2560K, 99% used [0x00000000daa80000,0x00000000dacfc010,0x00000000dad00000)
  to   space 5120K, 0% used [0x00000000da300000,0x00000000da300000,0x00000000da800000)
 ParOldGen       total 86016K, used 3304K [0x0000000083600000, 0x0000000088a00000, 0x00000000d6780000)
  object space 86016K, 3% used [0x0000000083600000,0x000000008393a348,0x0000000088a00000)
 Metaspace       used 14164K, capacity 14320K, committed 14464K, reserved 1062912K
  class space    used 1312K, capacity 1376K, committed 1408K, reserved 1048576K
GC Heap History (8 events):
Event: 1,186 GC heap before
{Heap before GC invocations=1 (full 0):
 PSYoungGen      total 37888K, used 32768K [0x00000000d6780000, 0x00000000d9180000, 0x0000000100000000)
  eden space 32768K, 100% used [0x00000000d6780000,0x00000000d8780000,0x00000000d8780000)
  from space 5120K, 0% used [0x00000000d8c80000,0x00000000d8c80000,0x00000000d9180000)
  to   space 5120K, 0% used [0x00000000d8780000,0x00000000d8780000,0x00000000d8c80000)
 ParOldGen       total 86016K, used 0K [0x0000000083600000, 0x0000000088a00000, 0x00000000d6780000)
  object space 86016K, 0% used [0x0000000083600000,0x0000000083600000,0x0000000088a00000)
 Metaspace       used 14045K, capacity 14256K, committed 14464K, reserved 1062912K
  class space    used 1306K, capacity 1376K, committed 1408K, reserved 1048576K
Event: 1,199 GC heap after
Heap after GC invocations=1 (full 0):
 PSYoungGen      total 37888K, used 5108K [0x00000000d6780000, 0x00000000db180000, 0x0000000100000000)
  eden space 32768K, 0% used [0x00000000d6780000,0x00000000d6780000,0x00000000d8780000)
  from space 5120K, 99% used [0x00000000d8780000,0x00000000d8c7d210,0x00000000d8c80000)
  to   space 5120K, 0% used [0x00000000dac80000,0x00000000dac80000,0x00000000db180000)
 ParOldGen       total 86016K, used 1821K [0x0000000083600000, 0x0000000088a00000, 0x00000000d6780000)
  object space 86016K, 2% used [0x0000000083600000,0x00000000837c7528,0x0000000088a00000)
 Metaspace       used 14045K, capacity 14256K, committed 14464K, reserved 1062912K
  class space    used 1306K, capacity 1376K, committed 1408K, reserved 1048576K
}
Event: 3,182 GC heap before
{Heap before GC invocations=2 (full 0):
 PSYoungGen      total 37888K, used 37876K [0x00000000d6780000, 0x00000000db180000, 0x0000000100000000)
  eden space 32768K, 100% used [0x00000000d6780000,0x00000000d8780000,0x00000000d8780000)
  from space 5120K, 99% used [0x00000000d8780000,0x00000000d8c7d210,0x00000000d8c80000)
  to   space 5120K, 0% used [0x00000000dac80000,0x00000000dac80000,0x00000000db180000)
 ParOldGen       total 86016K, used 1821K [0x0000000083600000, 0x0000000088a00000, 0x00000000d6780000)
  object space 86016K, 2% used [0x0000000083600000,0x00000000837c7528,0x0000000088a00000)
 Metaspace       used 14134K, capacity 14320K, committed 14464K, reserved 1062912K
  class space    used 1307K, capacity 1376K, committed 1408K, reserved 1048576K
Event: 3,189 GC heap after
Heap after GC invocations=2 (full 0):
 PSYoungGen      total 36864K, used 3968K [0x00000000d6780000, 0x00000000db080000, 0x0000000100000000)
  eden space 32768K, 0% used [0x00000000d6780000,0x00000000d6780000,0x00000000d8780000)
  from space 4096K, 96% used [0x00000000dac80000,0x00000000db060020,0x00000000db080000)
  to   space 5120K, 0% used [0x00000000da680000,0x00000000da680000,0x00000000dab80000)
 ParOldGen       total 86016K, used 1829K [0x0000000083600000, 0x0000000088a00000, 0x00000000d6780000)
  object space 86016K, 2% used [0x0000000083600000,0x00000000837c9528,0x0000000088a00000)
 Metaspace       used 14134K, capacity 14320K, committed 14464K, reserved 1062912K
  class space    used 1307K, capacity 1376K, committed 1408K, reserved 1048576K
}
Event: 5,554 GC heap before
{Heap before GC invocations=3 (full 0):
 PSYoungGen      total 36864K, used 36736K [0x00000000d6780000, 0x00000000db080000, 0x0000000100000000)
  eden space 32768K, 100% used [0x00000000d6780000,0x00000000d8780000,0x00000000d8780000)
  from space 4096K, 96% used [0x00000000dac80000,0x00000000db060020,0x00000000db080000)
  to   space 5120K, 0% used [0x00000000da680000,0x00000000da680000,0x00000000dab80000)
 ParOldGen       total 86016K, used 1829K [0x0000000083600000, 0x0000000088a00000, 0x00000000d6780000)
  object space 86016K, 2% used [0x0000000083600000,0x00000000837c9528,0x0000000088a00000)
 Metaspace       used 14137K, capacity 14320K, committed 14464K, reserved 1062912K
  class space    used 1307K, capacity 1376K, committed 1408K, reserved 1048576K
Event: 5,566 GC heap after
Heap after GC invocations=3 (full 0):
 PSYoungGen      total 36864K, used 4000K [0x00000000d6780000, 0x00000000dad00000, 0x0000000100000000)
  eden space 32768K, 0% used [0x00000000d6780000,0x00000000d6780000,0x00000000d8780000)
  from space 4096K, 97% used [0x00000000da680000,0x00000000daa68000,0x00000000daa80000)
  to   space 2560K, 0% used [0x00000000daa80000,0x00000000daa80000,0x00000000dad00000)
 ParOldGen       total 86016K, used 1837K [0x0000000083600000, 0x0000000088a00000, 0x00000000d6780000)
  object space 86016K, 2% used [0x0000000083600000,0x00000000837cb528,0x0000000088a00000)
 Metaspace       used 14137K, capacity 14320K, committed 14464K, reserved 1062912K
  class space    used 1307K, capacity 1376K, committed 1408K, reserved 1048576K
}
Event: 7,952 GC heap before
{Heap before GC invocations=4 (full 0):
 PSYoungGen      total 36864K, used 36768K [0x00000000d6780000, 0x00000000dad00000, 0x0000000100000000)
  eden space 32768K, 100% used [0x00000000d6780000,0x00000000d8780000,0x00000000d8780000)
  from space 4096K, 97% used [0x00000000da680000,0x00000000daa68000,0x00000000daa80000)
  to   space 2560K, 0% used [0x00000000daa80000,0x00000000daa80000,0x00000000dad00000)
 ParOldGen       total 86016K, used 1837K [0x0000000083600000, 0x0000000088a00000, 0x00000000d6780000)
  object space 86016K, 2% used [0x0000000083600000,0x00000000837cb528,0x0000000088a00000)
 Metaspace       used 14137K, capacity 14320K, committed 14464K, reserved 1062912K
  class space    used 1307K, capacity 1376K, committed 1408K, reserved 1048576K
Event: 7,957 GC heap after
Heap after GC invocations=4 (full 0):
 PSYoungGen      total 35328K, used 2544K [0x00000000d6780000, 0x00000000dad00000, 0x0000000100000000)
  eden space 32768K, 0% used [0x00000000d6780000,0x00000000d6780000,0x00000000d8780000)
  from space 2560K, 99% used [0x00000000daa80000,0x00000000dacfc010,0x00000000dad00000)
  to   space 5120K, 0% used [0x00000000da300000,0x00000000da300000,0x00000000da800000)
 ParOldGen       total 86016K, used 3304K [0x0000000083600000, 0x0000000088a00000, 0x00000000d6780000)
  object space 86016K, 3% used [0x0000000083600000,0x000000008393a348,0x0000000088a00000)
 Metaspace       used 14137K, capacity 14320K, committed 14464K, reserved 1062912K
  class space    used 1307K, capacity 1376K, committed 1408K, reserved 1048576K
}

