# JRE version: OpenJDK Runtime Environment (8.0_45-b14) (build 1.8.0_45-internal-b14)
# Java VM: OpenJDK 64-Bit Server VM (25.45-b02 mixed mode linux-amd64 compressed oops)
Heap:
 PSYoungGen      total 37888K, used 14312K [0x00000000d6780000, 0x00000000d9180000, 0x0000000100000000)
  eden space 32768K, 31% used [0x00000000d6780000,0x00000000d7179830,0x00000000d8780000)
  from space 5120K, 80% used [0x00000000d8c80000,0x00000000d9080aa0,0x00000000d9180000)
  to   space 5120K, 0% used [0x00000000d8780000,0x00000000d8780000,0x00000000d8c80000)
 ParOldGen       total 86016K, used 1850K [0x0000000083600000, 0x0000000088a00000, 0x00000000d6780000)
  object space 86016K, 2% used [0x0000000083600000,0x00000000837ce838,0x0000000088a00000)
 Metaspace       used 14367K, capacity 14548K, committed 14720K, reserved 1062912K
  class space    used 1328K, capacity 1408K, committed 1408K, reserved 1048576K
GC Heap History (8 events):
Event: 1,767 GC heap before
{Heap before GC invocations=1 (full 0):
 PSYoungGen      total 37888K, used 32768K [0x00000000d6780000, 0x00000000d9180000, 0x0000000100000000)
  eden space 32768K, 100% used [0x00000000d6780000,0x00000000d8780000,0x00000000d8780000)
  from space 5120K, 0% used [0x00000000d8c80000,0x00000000d8c80000,0x00000000d9180000)
  to   space 5120K, 0% used [0x00000000d8780000,0x00000000d8780000,0x00000000d8c80000)
 ParOldGen       total 86016K, used 0K [0x0000000083600000, 0x0000000088a00000, 0x00000000d6780000)
  object space 86016K, 0% used [0x0000000083600000,0x0000000083600000,0x0000000088a00000)
 Metaspace       used 14338K, capacity 14548K, committed 14720K, reserved 1062912K
  class space    used 1328K, capacity 1408K, committed 1408K, reserved 1048576K
Event: 1,776 GC heap after
Heap after GC invocations=1 (full 0):
 PSYoungGen      total 37888K, used 5094K [0x00000000d6780000, 0x00000000d9180000, 0x0000000100000000)
  eden space 32768K, 0% used [0x00000000d6780000,0x00000000d6780000,0x00000000d8780000)
  from space 5120K, 99% used [0x00000000d8780000,0x00000000d8c79b80,0x00000000d8c80000)
  to   space 5120K, 0% used [0x00000000d8c80000,0x00000000d8c80000,0x00000000d9180000)
 ParOldGen       total 86016K, used 1826K [0x0000000083600000, 0x0000000088a00000, 0x00000000d6780000)
  object space 86016K, 2% used [0x0000000083600000,0x00000000837c8838,0x0000000088a00000)
 Metaspace       used 14338K, capacity 14548K, committed 14720K, reserved 1062912K
  class space    used 1328K, capacity 1408K, committed 1408K, reserved 1048576K
}
Event: 13,728 GC heap before
{Heap before GC invocations=2 (full 0):
 PSYoungGen      total 37888K, used 37862K [0x00000000d6780000, 0x00000000d9180000, 0x0000000100000000)
  eden space 32768K, 100% used [0x00000000d6780000,0x00000000d8780000,0x00000000d8780000)
  from space 5120K, 99% used [0x00000000d8780000,0x00000000d8c79b80,0x00000000d8c80000)
  to   space 5120K, 0% used [0x00000000d8c80000,0x00000000d8c80000,0x00000000d9180000)
 ParOldGen       total 86016K, used 1826K [0x0000000083600000, 0x0000000088a00000, 0x00000000d6780000)
  object space 86016K, 2% used [0x0000000083600000,0x00000000837c8838,0x0000000088a00000)
 Metaspace       used 14350K, capacity 14548K, committed 14720K, reserved 1062912K
  class space    used 1328K, capacity 1408K, committed 1408K, reserved 1048576K
Event: 13,733 GC heap after
Heap after GC invocations=2 (full 0):
 PSYoungGen      total 37888K, used 4082K [0x00000000d6780000, 0x00000000d9180000, 0x0000000100000000)
  eden space 32768K, 0% used [0x00000000d6780000,0x00000000d6780000,0x00000000d8780000)
  from space 5120K, 79% used [0x00000000d8c80000,0x00000000d907cab0,0x00000000d9180000)
  to   space 5120K, 0% used [0x00000000d8780000,0x00000000d8780000,0x00000000d8c80000)
 ParOldGen       total 86016K, used 1834K [0x0000000083600000, 0x0000000088a00000, 0x00000000d6780000)
  object space 86016K, 2% used [0x0000000083600000,0x00000000837ca838,0x0000000088a00000)
 Metaspace       used 14350K, capacity 14548K, committed 14720K, reserved 1062912K
  class space    used 1328K, capacity 1408K, committed 1408K, reserved 1048576K
}
Event: 26,132 GC heap before
{Heap before GC invocations=3 (full 0):
 PSYoungGen      total 37888K, used 36850K [0x00000000d6780000, 0x00000000d9180000, 0x0000000100000000)
  eden space 32768K, 100% used [0x00000000d6780000,0x00000000d8780000,0x00000000d8780000)
  from space 5120K, 79% used [0x00000000d8c80000,0x00000000d907cab0,0x00000000d9180000)
  to   space 5120K, 0% used [0x00000000d8780000,0x00000000d8780000,0x00000000d8c80000)
 ParOldGen       total 86016K, used 1834K [0x0000000083600000, 0x0000000088a00000, 0x00000000d6780000)
  object space 86016K, 2% used [0x0000000083600000,0x00000000837ca838,0x0000000088a00000)
 Metaspace       used 14359K, capacity 14548K, committed 14720K, reserved 1062912K
  class space    used 1328K, capacity 1408K, committed 1408K, reserved 1048576K
Event: 26,139 GC heap after
Heap after GC invocations=3 (full 0):
 PSYoungGen      total 37888K, used 4082K [0x00000000d6780000, 0x00000000d9180000, 0x0000000100000000)
  eden space 32768K, 0% used [0x00000000d6780000,0x00000000d6780000,0x00000000d8780000)
  from space 5120K, 79% used [0x00000000d8780000,0x00000000d8b7cab0,0x00000000d8c80000)
  to   space 5120K, 0% used [0x00000000d8c80000,0x00000000d8c80000,0x00000000d9180000)
 ParOldGen       total 86016K, used 1842K [0x0000000083600000, 0x0000000088a00000, 0x00000000d6780000)
  object space 86016K, 2% used [0x0000000083600000,0x00000000837cc838,0x0000000088a00000)
 Metaspace       used 14359K, capacity 14548K, committed 14720K, reserved 1062912K
  class space    used 1328K, capacity 1408K, committed 1408K, reserved 1048576K
}
Event: 38,773 GC heap before
{Heap before GC invocations=4 (full 0):
 PSYoungGen      total 37888K, used 36850K [0x00000000d6780000, 0x00000000d9180000, 0x0000000100000000)
  eden space 32768K, 100% used [0x00000000d6780000,0x00000000d8780000,0x00000000d8780000)
  from space 5120K, 79% used [0x00000000d8780000,0x00000000d8b7cab0,0x00000000d8c80000)
  to   space 5120K, 0% used [0x00000000d8c80000,0x00000000d8c80000,0x00000000d9180000)
 ParOldGen       total 86016K, used 1842K [0x0000000083600000, 0x0000000088a00000, 0x00000000d6780000)
  object space 86016K, 2% used [0x0000000083600000,0x00000000837cc838,0x0000000088a00000)
 Metaspace       used 14367K, capacity 14548K, committed 14720K, reserved 1062912K
  class space    used 1328K, capacity 1408K, committed 1408K, reserved 1048576K
Event: 38,777 GC heap after
Heap after GC invocations=4 (full 0):
 PSYoungGen      total 37888K, used 4098K [0x00000000d6780000, 0x00000000d9180000, 0x0000000100000000)
  eden space 32768K, 0% used [0x00000000d6780000,0x00000000d6780000,0x00000000d8780000)
  from space 5120K, 80% used [0x00000000d8c80000,0x00000000d9080aa0,0x00000000d9180000)
  to   space 5120K, 0% used [0x00000000d8780000,0x00000000d8780000,0x00000000d8c80000)
 ParOldGen       total 86016K, used 1850K [0x0000000083600000, 0x0000000088a00000, 0x00000000d6780000)
  object space 86016K, 2% used [0x0000000083600000,0x00000000837ce838,0x0000000088a00000)
 Metaspace       used 14367K, capacity 14548K, committed 14720K, reserved 1062912K
  class space    used 1328K, capacity 1408K, committed 1408K, reserved 1048576K
}

